# JRE version: OpenJDK Runtime Environment Temurin-17.0.2+8 (17.0.2+8) (build 17.0.2+8)
# Java VM: OpenJDK 64-Bit Server VM Temurin-17.0.2+8 (17.0.2+8, mixed mode, tiered, compressed oops, compressed class ptrs, g1 gc, windows-amd64)
GC Precious Log:
 CPUs: 8 total, 8 available
 Memory: 7995M
 Large Page Support: Disabled
 NUMA Support: Disabled
 Compressed Oops: Enabled (32-bit)
 Heap Region Size: 1M
 Heap Min Capacity: 8M
 Heap Initial Capacity: 126M
 Heap Max Capacity: 2000M
 Pre-touch: Disabled
 Parallel Workers: 8
 Concurrent Workers: 2
 Concurrent Refinement Workers: 8
 Periodic GC: Disabled
Heap:
 garbage-first heap   total 51200K, used 19326K [0x0000000083000000, 0x0000000100000000)
  region size 1024K, 10 young (10240K), 3 survivors (3072K)
 Metaspace       used 36904K, committed 37184K, reserved 1089536K
  class space    used 4245K, committed 4416K, reserved 1048576K
GC Heap History (16 events):
Event: 0.613 GC heap before
{Heap before GC invocations=0 (full 0):
 garbage-first heap   total 129024K, used 22528K [0x0000000083000000, 0x0000000100000000)
  region size 1024K, 23 young (23552K), 0 survivors (0K)
 Metaspace       used 15676K, committed 15936K, reserved 1064960K
  class space    used 1614K, committed 1728K, reserved 1048576K
}
Event: 0.618 GC heap after
{Heap after GC invocations=1 (full 0):
 garbage-first heap   total 129024K, used 4744K [0x0000000083000000, 0x0000000100000000)
  region size 1024K, 3 young (3072K), 3 survivors (3072K)
 Metaspace       used 15676K, committed 15936K, reserved 1064960K
  class space    used 1614K, committed 1728K, reserved 1048576K
}
Event: 0.773 GC heap before
{Heap before GC invocations=1 (full 0):
 garbage-first heap   total 129024K, used 24200K [0x0000000083000000, 0x0000000100000000)
  region size 1024K, 23 young (23552K), 3 survivors (3072K)
 Metaspace       used 21315K, committed 21504K, reserved 1073152K
  class space    used 2301K, committed 2432K, reserved 1048576K
}
Event: 0.776 GC heap after
{Heap after GC invocations=2 (full 0):
 garbage-first heap   total 129024K, used 6226K [0x0000000083000000, 0x0000000100000000)
  region size 1024K, 2 young (2048K), 2 survivors (2048K)
 Metaspace       used 21315K, committed 21504K, reserved 1073152K
  class space    used 2301K, committed 2432K, reserved 1048576K
}
Event: 1.032 GC heap before
{Heap before GC invocations=3 (full 0):
 garbage-first heap   total 27648K, used 20562K [0x0000000083000000, 0x0000000100000000)
  region size 1024K, 18 young (18432K), 2 survivors (2048K)
 Metaspace       used 23911K, committed 24192K, reserved 1073152K
  class space    used 2664K, committed 2816K, reserved 1048576K
}
Event: 1.035 GC heap after
{Heap after GC invocations=4 (full 0):
 garbage-first heap   total 27648K, used 7645K [0x0000000083000000, 0x0000000100000000)
  region size 1024K, 3 young (3072K), 3 survivors (3072K)
 Metaspace       used 23911K, committed 24192K, reserved 1073152K
  class space    used 2664K, committed 2816K, reserved 1048576K
}
Event: 1.248 GC heap before
{Heap before GC invocations=4 (full 0):
 garbage-first heap   total 27648K, used 18909K [0x0000000083000000, 0x0000000100000000)
  region size 1024K, 15 young (15360K), 3 survivors (3072K)
 Metaspace       used 26211K, committed 26432K, reserved 1073152K
  class space    used 2936K, committed 3072K, reserved 1048576K
}
Event: 1.252 GC heap after
{Heap after GC invocations=5 (full 0):
 garbage-first heap   total 27648K, used 8011K [0x0000000083000000, 0x0000000100000000)
  region size 1024K, 1 young (1024K), 1 survivors (1024K)
 Metaspace       used 26211K, committed 26432K, reserved 1073152K
  class space    used 2936K, committed 3072K, reserved 1048576K
}
Event: 1.531 GC heap before
{Heap before GC invocations=5 (full 0):
 garbage-first heap   total 27648K, used 20299K [0x0000000083000000, 0x0000000100000000)
  region size 1024K, 13 young (13312K), 1 survivors (1024K)
 Metaspace       used 29314K, committed 29568K, reserved 1081344K
  class space    used 3374K, committed 3520K, reserved 1048576K
}
Event: 1.534 GC heap after
{Heap after GC invocations=6 (full 0):
 garbage-first heap   total 27648K, used 9493K [0x0000000083000000, 0x0000000100000000)
  region size 1024K, 2 young (2048K), 2 survivors (2048K)
 Metaspace       used 29314K, committed 29568K, reserved 1081344K
  class space    used 3374K, committed 3520K, reserved 1048576K
}
Event: 1.697 GC heap before
{Heap before GC invocations=6 (full 0):
 garbage-first heap   total 27648K, used 19733K [0x0000000083000000, 0x0000000100000000)
  region size 1024K, 12 young (12288K), 2 survivors (2048K)
 Metaspace       used 31958K, committed 32256K, reserved 1081344K
  class space    used 3649K, committed 3776K, reserved 1048576K
}
Event: 1.701 GC heap after
{Heap after GC invocations=7 (full 0):
 garbage-first heap   total 27648K, used 10945K [0x0000000083000000, 0x0000000100000000)
  region size 1024K, 2 young (2048K), 2 survivors (2048K)
 Metaspace       used 31958K, committed 32256K, reserved 1081344K
  class space    used 3649K, committed 3776K, reserved 1048576K
}
Event: 1.842 GC heap before
{Heap before GC invocations=7 (full 0):
 garbage-first heap   total 27648K, used 19137K [0x0000000083000000, 0x0000000100000000)
  region size 1024K, 10 young (10240K), 2 survivors (2048K)
 Metaspace       used 33407K, committed 33600K, reserved 1081344K
  class space    used 3838K, committed 3904K, reserved 1048576K
}
Event: 1.844 GC heap after
{Heap after GC invocations=8 (full 0):
 garbage-first heap   total 78848K, used 12306K [0x0000000083000000, 0x0000000100000000)
  region size 1024K, 2 young (2048K), 2 survivors (2048K)
 Metaspace       used 33407K, committed 33600K, reserved 1081344K
  class space    used 3838K, committed 3904K, reserved 1048576K
}
Event: 50.175 GC heap before
{Heap before GC invocations=8 (full 0):
 garbage-first heap   total 78848K, used 24594K [0x0000000083000000, 0x0000000100000000)
  region size 1024K, 15 young (15360K), 2 survivors (2048K)
 Metaspace       used 35883K, committed 36096K, reserved 1081344K
  class space    used 4137K, committed 4224K, reserved 1048576K
}
Event: 50.179 GC heap after
{Heap after GC invocations=9 (full 0):
 garbage-first heap   total 78848K, used 13182K [0x0000000083000000, 0x0000000100000000)
  region size 1024K, 3 young (3072K), 3 survivors (3072K)
 Metaspace       used 35883K, committed 36096K, reserved 1081344K
  class space    used 4137K, committed 4224K, reserved 1048576K
}

